
> quantum@0.1.0 serve /home/admin/proyectos/quantum_front
> vue-cli-service serve

 INFO  Starting development server...
<s> [webpack.Progress] 0% compiling
<s> [webpack.Progress] 10% building 0/0 modules 0 active 
<s> [webpack.Progress] 10% building 0/1 modules 1 active multi /home/admin/proyectos/quantum_front/node_modules/webpack-dev-server/client/index.js?http://10.13.18.82:8082&sockPath=/sockjs-node /home/admin/proyectos/quantum_front/node_modules/webpack/hot/dev-server.js ./src/main.js
<s> [webpack.Progress] 10% building 1/1 modules 0 active 
<s> [webpack.Progress] 10% building 1/1 modules 0 active 
<s> [webpack.Progress] 10% building 1/2 modules 1 active multi /home/admin/proyectos/quantum_front/node_modules/webpack/hot/dev-server.js /home/admin/proyectos/quantum_front/node_modules/webpack-dev-server/client/index.js?http://10.13.18.82:8082&sockPath=/sockjs-node ./src/main.js
<s> [webpack.Progress] 10% building 2/2 modules 0 active 
events.js:174
      throw er; // Unhandled 'error' event
      ^

Error: ENOSPC: System limit for number of file watchers reached, watch '/home/admin/proyectos/quantum_front/public'
    at FSWatcher.start (internal/fs/watchers.js:165:26)
    at Object.watch (fs.js:1258:11)
    at createFsWatchInstance (/home/admin/proyectos/quantum_front/node_modules/webpack-dev-server/node_modules/chokidar/lib/nodefs-handler.js:38:15)
    at setFsWatchListener (/home/admin/proyectos/quantum_front/node_modules/webpack-dev-server/node_modules/chokidar/lib/nodefs-handler.js:81:15)
    at FSWatcher.NodeFsHandler._watchWithNodeFs (/home/admin/proyectos/quantum_front/node_modules/webpack-dev-server/node_modules/chokidar/lib/nodefs-handler.js:233:14)
    at FSWatcher.NodeFsHandler._handleDir (/home/admin/proyectos/quantum_front/node_modules/webpack-dev-server/node_modules/chokidar/lib/nodefs-handler.js:429:19)
    at FSWatcher.<anonymous> (/home/admin/proyectos/quantum_front/node_modules/webpack-dev-server/node_modules/chokidar/lib/nodefs-handler.js:477:19)
    at FSWatcher.<anonymous> (/home/admin/proyectos/quantum_front/node_modules/webpack-dev-server/node_modules/chokidar/lib/nodefs-handler.js:482:16)
    at FSReqWrap.oncomplete (fs.js:154:5)
Emitted 'error' event at:
    at FSWatcher._handleError (/home/admin/proyectos/quantum_front/node_modules/webpack-dev-server/node_modules/chokidar/index.js:260:10)
    at createFsWatchInstance (/home/admin/proyectos/quantum_front/node_modules/webpack-dev-server/node_modules/chokidar/lib/nodefs-handler.js:40:5)
    at setFsWatchListener (/home/admin/proyectos/quantum_front/node_modules/webpack-dev-server/node_modules/chokidar/lib/nodefs-handler.js:81:15)
    [... lines matching original stack trace ...]
    at FSReqWrap.oncomplete (fs.js:154:5)
npm ERR! code ELIFECYCLE
npm ERR! errno 1
npm ERR! quantum@0.1.0 serve: `vue-cli-service serve`
npm ERR! Exit status 1
npm ERR! 
npm ERR! Failed at the quantum@0.1.0 serve script.
npm ERR! This is probably not a problem with npm. There is likely additional logging output above.

npm ERR! A complete log of this run can be found in:
npm ERR!     /home/admin/.npm/_logs/2022-02-25T19_50_55_077Z-debug.log
